2024/09/10 14:39:25 [error] [exception.CHttpException.404] CHttpException: No es posible resolver la solicitud "<iframe src='javascript:alert("XSS")'></iframe>" in /var/www/html/yii/framework/web/CWebApplication.php:286
Stack trace:
#0 /var/www/html/yii/framework/web/CWebApplication.php(141): CWebApplication->runController()
#1 /var/www/html/yii/framework/base/CApplication.php(185): CWebApplication->processRequest()
#2 /var/www/html/sg-uec/index.php(13): CApplication->run()
#3 {main}
REQUEST_URI=/sg-uec/index.php?r=%3Ciframe+src%3D%27javascript%3Aalert%28%22XSS%22%29%27%3E%3C%2Fiframe%3E
---
2024/09/10 14:39:27 [error] [exception.CHttpException.404] CHttpException: No es posible resolver la solicitud "<input type='text' value='XSS' onfocus='alert("XSS")'/>" in /var/www/html/yii/framework/web/CWebApplication.php:286
Stack trace:
#0 /var/www/html/yii/framework/web/CWebApplication.php(141): CWebApplication->runController()
#1 /var/www/html/yii/framework/base/CApplication.php(185): CWebApplication->processRequest()
#2 /var/www/html/sg-uec/index.php(13): CApplication->run()
#3 {main}
REQUEST_URI=/sg-uec/index.php?r=%3Cinput+type%3D%27text%27+value%3D%27XSS%27+onfocus%3D%27alert%28%22XSS%22%29%27%2F%3E
---
2024/09/10 14:39:29 [error] [exception.CHttpException.404] CHttpException: No es posible resolver la solicitud "<marquee onstart='alert("XSS")'>Text</marquee>" in /var/www/html/yii/framework/web/CWebApplication.php:286
Stack trace:
#0 /var/www/html/yii/framework/web/CWebApplication.php(141): CWebApplication->runController()
#1 /var/www/html/yii/framework/base/CApplication.php(185): CWebApplication->processRequest()
#2 /var/www/html/sg-uec/index.php(13): CApplication->run()
#3 {main}
REQUEST_URI=/sg-uec/index.php?r=%3Cmarquee+onstart%3D%27alert%28%22XSS%22%29%27%3EText%3C%2Fmarquee%3E
---
2024/09/11 13:07:28 [error] [system.db.CDbCommand] CDbCommand::fetchAll() falló: SQLSTATE[42S22]: Column not found: 1054 Unknown column 'admin' in 'where clause'. La sentencia SQL ejecutada fue: SELECT * FROM `docente` `t` WHERE doc_cedula=admin.
in /var/www/html/sg-uec/protected/models/_base/BaseTemario.php (99)
in /var/www/html/sg-uec/protected/views/temario/adminTemario.php (65)
in /var/www/html/sg-uec/protected/controllers/TemarioController.php (146)
2024/09/11 13:07:28 [error] [exception.CDbException] CDbException: CDbCommand falló al ejecutar la sentencia SQL: SQLSTATE[42S22]: Column not found: 1054 Unknown column 'admin' in 'where clause'. The SQL statement executed was: SELECT * FROM `docente` `t` WHERE doc_cedula=admin in /var/www/html/yii/framework/db/CDbCommand.php:543
Stack trace:
#0 /var/www/html/yii/framework/db/CDbCommand.php(396): CDbCommand->queryInternal()
#1 /var/www/html/yii/framework/db/ar/CActiveRecord.php(1359): CDbCommand->queryAll()
#2 /var/www/html/yii/framework/db/ar/CActiveRecord.php(1478): CActiveRecord->query()
#3 /var/www/html/sg-uec/protected/models/_base/BaseTemario.php(99): CActiveRecord->findAll()
#4 /var/www/html/sg-uec/protected/views/temario/adminTemario.php(65): BaseTemario->searchTemario()
#5 /var/www/html/yii/framework/web/CBaseController.php(126): require('/var/www/html/s...')
#6 /var/www/html/yii/framework/web/CBaseController.php(95): CBaseController->renderInternal()
#7 /var/www/html/yii/framework/web/CController.php(872): CBaseController->renderFile()
#8 /var/www/html/yii/framework/web/CController.php(785): CController->renderPartial()
#9 /var/www/html/sg-uec/protected/controllers/TemarioController.php(146): CController->render()
#10 /var/www/html/yii/framework/web/actions/CInlineAction.php(49): TemarioController->actionAdminTemario()
#11 /var/www/html/yii/framework/web/CController.php(308): CInlineAction->runWithParams()
#12 /var/www/html/yii/framework/web/CController.php(286): CController->runAction()
#13 /var/www/html/yii/framework/web/CController.php(265): CController->runActionWithFilters()
#14 /var/www/html/yii/framework/web/CWebApplication.php(282): CController->run()
#15 /var/www/html/yii/framework/web/CWebApplication.php(141): CWebApplication->runController()
#16 /var/www/html/yii/framework/base/CApplication.php(185): CWebApplication->processRequest()
#17 /var/www/html/sg-uec/index.php(13): CApplication->run()
#18 {main}
REQUEST_URI=/sg-uec/index.php?r=temario/adminTemario
HTTP_REFERER=https://webltga.espe.edu.ec/sg-uec/index.php?r=cursos/updateCurso&id=1
---
2024/09/11 13:08:24 [warning] [application] Error al establecer unsafe al atributo "regdate" de "CrugeStoredUser".
in /var/www/html/sg-uec/protected/modules/cruge/models/data/CrugeStoredUser.php (87)
in /var/www/html/sg-uec/protected/modules/cruge/controllers/UiController.php (199)
in /var/www/html/sg-uec/protected/modules/cruge/controllers/UiController.php (190)
2024/09/11 13:08:24 [warning] [application] Error al establecer unsafe al atributo "actdate" de "CrugeStoredUser".
in /var/www/html/sg-uec/protected/modules/cruge/models/data/CrugeStoredUser.php (87)
in /var/www/html/sg-uec/protected/modules/cruge/controllers/UiController.php (199)
in /var/www/html/sg-uec/protected/modules/cruge/controllers/UiController.php (190)
2024/09/11 13:08:24 [warning] [application] Error al establecer unsafe al atributo "logondate" de "CrugeStoredUser".
in /var/www/html/sg-uec/protected/modules/cruge/models/data/CrugeStoredUser.php (87)
in /var/www/html/sg-uec/protected/modules/cruge/controllers/UiController.php (199)
in /var/www/html/sg-uec/protected/modules/cruge/controllers/UiController.php (190)
2024/09/11 13:09:00 [error] [exception.CHttpException.404] CHttpException: No es posible resolver la solicitud "actividades/updateActividades" in /var/www/html/yii/framework/web/CWebApplication.php:286
Stack trace:
#0 /var/www/html/yii/framework/web/CWebApplication.php(141): CWebApplication->runController()
#1 /var/www/html/yii/framework/base/CApplication.php(185): CWebApplication->processRequest()
#2 /var/www/html/sg-uec/index.php(13): CApplication->run()
#3 {main}
REQUEST_URI=/sg-uec/index.php?r=actividades/updateActividades&id=1
HTTP_REFERER=https://webltga.espe.edu.ec/sg-uec/index.php?r=temario/adminTemario
---
2024/09/11 13:09:11 [error] [exception.CHttpException.404] CHttpException: No es posible resolver la solicitud "actividades/updateActividades" in /var/www/html/yii/framework/web/CWebApplication.php:286
Stack trace:
#0 /var/www/html/yii/framework/web/CWebApplication.php(141): CWebApplication->runController()
#1 /var/www/html/yii/framework/base/CApplication.php(185): CWebApplication->processRequest()
#2 /var/www/html/sg-uec/index.php(13): CApplication->run()
#3 {main}
REQUEST_URI=/sg-uec/index.php?r=actividades/updateActividades&id=11
HTTP_REFERER=https://webltga.espe.edu.ec/sg-uec/index.php?r=temario/adminTemario
---
2024/09/11 17:06:31 [error] [exception.CrugeException.500] el atributo authmode no esta definido como valido en config<br/>500
REQUEST_URI=/sg-uec/index.php?r=site/login
HTTP_REFERER=http://localhost/sg-uec/index.php?r=site/login
---
2024/09/11 17:06:38 [error] [exception.CrugeException.500] el atributo authmode no esta definido como valido en config<br/>500
REQUEST_URI=/sg-uec/index.php?r=site/login
HTTP_REFERER=http://localhost/sg-uec/index.php?r=site/login
---
2024/09/11 17:07:50 [error] [exception.CDbException] CDbException: CDbConnection failed to open the DB connection: SQLSTATE[HY000] [1045] Access denied for user ''@'localhost' (using password: NO) in C:\xampp\htdocs\yii\framework\db\CDbConnection.php:399
Stack trace:
#0 C:\xampp\htdocs\yii\framework\db\CDbConnection.php(347): CDbConnection->open()
#1 C:\xampp\htdocs\yii\framework\db\CDbConnection.php(325): CDbConnection->setActive(true)
#2 C:\xampp\htdocs\yii\framework\base\CModule.php(394): CDbConnection->init()
#3 C:\xampp\htdocs\yii\framework\base\CApplication.php(459): CModule->getComponent('db')
#4 C:\xampp\htdocs\yii\framework\db\ar\CActiveRecord.php(639): CApplication->getDb()
#5 C:\xampp\htdocs\yii\framework\db\ar\CActiveRecord.php(1436): CActiveRecord->getDbConnection()
#6 C:\xampp\htdocs\yii\framework\db\ar\CActiveRecord.php(1492): CActiveRecord->getTableAlias(true)
#7 C:\xampp\htdocs\sg-uec\protected\modules\cruge\models\data\CrugeSession.php(82): CActiveRecord->findByPk('0')
#8 C:\xampp\htdocs\sg-uec\protected\modules\cruge\components\CrugeFactory.php(44): CrugeSession::loadModel('0')
#9 C:\xampp\htdocs\sg-uec\protected\modules\cruge\components\CrugeUserManager.php(334): CrugeFactory->getICrugeSession('0')
#10 C:\xampp\htdocs\sg-uec\protected\modules\cruge\components\CrugeWebUser.php(333): CrugeUserManager->loadSession('0')
#11 C:\xampp\htdocs\sg-uec\protected\modules\cruge\components\CrugeWebUser.php(196): CrugeWebUser->getICrugeSession()
#12 C:\xampp\htdocs\sg-uec\protected\modules\cruge\components\CrugeWebUser.php(205): CrugeWebUser->getId()
#13 C:\xampp\htdocs\yii\framework\web\auth\CWebUser.php(201): CrugeWebUser->getIsGuest()
#14 C:\xampp\htdocs\sg-uec\protected\modules\cruge\components\CrugeWebUser.php(44): CWebUser->init()
#15 C:\xampp\htdocs\yii\framework\base\CModule.php(394): CrugeWebUser->init()
#16 C:\xampp\htdocs\yii\framework\base\CModule.php(103): CModule->getComponent('user')
#17 C:\xampp\htdocs\sg-uec\themes\webapp\views\layouts\main.php(22): CModule->__get('user')
#18 C:\xampp\htdocs\yii\framework\web\CBaseController.php(126): require('C:\\xampp\\htdocs...')
#19 C:\xampp\htdocs\yii\framework\web\CBaseController.php(95): CBaseController->renderInternal('C:\\xampp\\htdocs...', Array, true)
#20 C:\xampp\htdocs\yii\framework\web\widgets\CContentDecorator.php(76): CBaseController->renderFile('C:\\xampp\\htdocs...', Array, true)
#21 C:\xampp\htdocs\yii\framework\web\widgets\CContentDecorator.php(54): CContentDecorator->decorate('\t<div id="main"...')
#22 C:\xampp\htdocs\yii\framework\web\widgets\COutputProcessor.php(44): CContentDecorator->processOutput('\t<div id="main"...')
#23 C:\xampp\htdocs\yii\framework\web\CBaseController.php(215): COutputProcessor->run()
#24 C:\xampp\htdocs\yii\framework\web\CBaseController.php(309): CBaseController->endWidget('CContentDecorat...')
#25 C:\xampp\htdocs\sg-uec\themes\webapp\views\layouts\column1.php(12): CBaseController->endContent()
#26 C:\xampp\htdocs\yii\framework\web\CBaseController.php(126): require('C:\\xampp\\htdocs...')
#27 C:\xampp\htdocs\yii\framework\web\CBaseController.php(95): CBaseController->renderInternal('C:\\xampp\\htdocs...', Array, true)
#28 C:\xampp\htdocs\yii\framework\web\CController.php(787): CBaseController->renderFile('C:\\xampp\\htdocs...', Array, true)
#29 C:\xampp\htdocs\sg-uec\protected\controllers\SiteController.php(92): CController->render('login', Array)
#30 C:\xampp\htdocs\yii\framework\web\actions\CInlineAction.php(49): SiteController->actionLogin()
#31 C:\xampp\htdocs\yii\framework\web\CController.php(308): CInlineAction->runWithParams(Array)
#32 C:\xampp\htdocs\yii\framework\web\CController.php(286): CController->runAction(Object(CInlineAction))
#33 C:\xampp\htdocs\yii\framework\web\CController.php(265): CController->runActionWithFilters(Object(CInlineAction), Array)
#34 C:\xampp\htdocs\yii\framework\web\CWebApplication.php(282): CController->run('login')
#35 C:\xampp\htdocs\yii\framework\web\CWebApplication.php(141): CWebApplication->runController('site/login')
#36 C:\xampp\htdocs\yii\framework\base\CApplication.php(185): CWebApplication->processRequest()
#37 C:\xampp\htdocs\sg-uec\index.php(13): CApplication->run()
#38 {main}
REQUEST_URI=/sg-uec/index.php?r=site/login
HTTP_REFERER=http://localhost/sg-uec/
---
2024/09/11 17:07:51 [error] [exception.CDbException] CDbException: CDbConnection failed to open the DB connection: SQLSTATE[HY000] [1045] Access denied for user ''@'localhost' (using password: NO) in C:\xampp\htdocs\yii\framework\db\CDbConnection.php:399
Stack trace:
#0 C:\xampp\htdocs\yii\framework\db\CDbConnection.php(347): CDbConnection->open()
#1 C:\xampp\htdocs\yii\framework\db\CDbConnection.php(325): CDbConnection->setActive(true)
#2 C:\xampp\htdocs\yii\framework\base\CModule.php(394): CDbConnection->init()
#3 C:\xampp\htdocs\yii\framework\base\CApplication.php(459): CModule->getComponent('db')
#4 C:\xampp\htdocs\yii\framework\db\ar\CActiveRecord.php(639): CApplication->getDb()
#5 C:\xampp\htdocs\yii\framework\db\ar\CActiveRecord.php(1436): CActiveRecord->getDbConnection()
#6 C:\xampp\htdocs\yii\framework\db\ar\CActiveRecord.php(1492): CActiveRecord->getTableAlias(true)
#7 C:\xampp\htdocs\sg-uec\protected\modules\cruge\models\data\CrugeSession.php(82): CActiveRecord->findByPk('0')
#8 C:\xampp\htdocs\sg-uec\protected\modules\cruge\components\CrugeFactory.php(44): CrugeSession::loadModel('0')
#9 C:\xampp\htdocs\sg-uec\protected\modules\cruge\components\CrugeUserManager.php(334): CrugeFactory->getICrugeSession('0')
#10 C:\xampp\htdocs\sg-uec\protected\modules\cruge\components\CrugeWebUser.php(333): CrugeUserManager->loadSession('0')
#11 C:\xampp\htdocs\sg-uec\protected\modules\cruge\components\CrugeWebUser.php(196): CrugeWebUser->getICrugeSession()
#12 C:\xampp\htdocs\sg-uec\protected\modules\cruge\components\CrugeWebUser.php(205): CrugeWebUser->getId()
#13 C:\xampp\htdocs\yii\framework\web\auth\CWebUser.php(201): CrugeWebUser->getIsGuest()
#14 C:\xampp\htdocs\sg-uec\protected\modules\cruge\components\CrugeWebUser.php(44): CWebUser->init()
#15 C:\xampp\htdocs\yii\framework\base\CModule.php(394): CrugeWebUser->init()
#16 C:\xampp\htdocs\yii\framework\base\CModule.php(103): CModule->getComponent('user')
#17 C:\xampp\htdocs\sg-uec\themes\webapp\views\layouts\main.php(22): CModule->__get('user')
#18 C:\xampp\htdocs\yii\framework\web\CBaseController.php(126): require('C:\\xampp\\htdocs...')
#19 C:\xampp\htdocs\yii\framework\web\CBaseController.php(95): CBaseController->renderInternal('C:\\xampp\\htdocs...', Array, true)
#20 C:\xampp\htdocs\yii\framework\web\widgets\CContentDecorator.php(76): CBaseController->renderFile('C:\\xampp\\htdocs...', Array, true)
#21 C:\xampp\htdocs\yii\framework\web\widgets\CContentDecorator.php(54): CContentDecorator->decorate('\t<div id="main"...')
#22 C:\xampp\htdocs\yii\framework\web\widgets\COutputProcessor.php(44): CContentDecorator->processOutput('\t<div id="main"...')
#23 C:\xampp\htdocs\yii\framework\web\CBaseController.php(215): COutputProcessor->run()
#24 C:\xampp\htdocs\yii\framework\web\CBaseController.php(309): CBaseController->endWidget('CContentDecorat...')
#25 C:\xampp\htdocs\sg-uec\themes\webapp\views\layouts\column1.php(12): CBaseController->endContent()
#26 C:\xampp\htdocs\yii\framework\web\CBaseController.php(126): require('C:\\xampp\\htdocs...')
#27 C:\xampp\htdocs\yii\framework\web\CBaseController.php(95): CBaseController->renderInternal('C:\\xampp\\htdocs...', Array, true)
#28 C:\xampp\htdocs\yii\framework\web\CController.php(787): CBaseController->renderFile('C:\\xampp\\htdocs...', Array, true)
#29 C:\xampp\htdocs\sg-uec\protected\controllers\SiteController.php(92): CController->render('login', Array)
#30 C:\xampp\htdocs\yii\framework\web\actions\CInlineAction.php(49): SiteController->actionLogin()
#31 C:\xampp\htdocs\yii\framework\web\CController.php(308): CInlineAction->runWithParams(Array)
#32 C:\xampp\htdocs\yii\framework\web\CController.php(286): CController->runAction(Object(CInlineAction))
#33 C:\xampp\htdocs\yii\framework\web\CController.php(265): CController->runActionWithFilters(Object(CInlineAction), Array)
#34 C:\xampp\htdocs\yii\framework\web\CWebApplication.php(282): CController->run('login')
#35 C:\xampp\htdocs\yii\framework\web\CWebApplication.php(141): CWebApplication->runController('site/login')
#36 C:\xampp\htdocs\yii\framework\base\CApplication.php(185): CWebApplication->processRequest()
#37 C:\xampp\htdocs\sg-uec\index.php(13): CApplication->run()
#38 {main}
REQUEST_URI=/sg-uec/index.php?r=site/login
HTTP_REFERER=http://localhost/sg-uec/
---
2024/09/11 17:07:56 [error] [exception.CDbException] CDbException: CDbConnection failed to open the DB connection: SQLSTATE[HY000] [1045] Access denied for user ''@'localhost' (using password: NO) in C:\xampp\htdocs\yii\framework\db\CDbConnection.php:399
Stack trace:
#0 C:\xampp\htdocs\yii\framework\db\CDbConnection.php(347): CDbConnection->open()
#1 C:\xampp\htdocs\yii\framework\db\CDbConnection.php(325): CDbConnection->setActive(true)
#2 C:\xampp\htdocs\yii\framework\base\CModule.php(394): CDbConnection->init()
#3 C:\xampp\htdocs\yii\framework\base\CApplication.php(459): CModule->getComponent('db')
#4 C:\xampp\htdocs\yii\framework\db\ar\CActiveRecord.php(639): CApplication->getDb()
#5 C:\xampp\htdocs\yii\framework\db\ar\CActiveRecord.php(1436): CActiveRecord->getDbConnection()
#6 C:\xampp\htdocs\yii\framework\db\ar\CActiveRecord.php(1492): CActiveRecord->getTableAlias(true)
#7 C:\xampp\htdocs\sg-uec\protected\modules\cruge\models\data\CrugeSession.php(82): CActiveRecord->findByPk('0')
#8 C:\xampp\htdocs\sg-uec\protected\modules\cruge\components\CrugeFactory.php(44): CrugeSession::loadModel('0')
#9 C:\xampp\htdocs\sg-uec\protected\modules\cruge\components\CrugeUserManager.php(334): CrugeFactory->getICrugeSession('0')
#10 C:\xampp\htdocs\sg-uec\protected\modules\cruge\components\CrugeWebUser.php(333): CrugeUserManager->loadSession('0')
#11 C:\xampp\htdocs\sg-uec\protected\modules\cruge\components\CrugeWebUser.php(196): CrugeWebUser->getICrugeSession()
#12 C:\xampp\htdocs\sg-uec\protected\modules\cruge\components\CrugeWebUser.php(205): CrugeWebUser->getId()
#13 C:\xampp\htdocs\yii\framework\web\auth\CWebUser.php(201): CrugeWebUser->getIsGuest()
#14 C:\xampp\htdocs\sg-uec\protected\modules\cruge\components\CrugeWebUser.php(44): CWebUser->init()
#15 C:\xampp\htdocs\yii\framework\base\CModule.php(394): CrugeWebUser->init()
#16 C:\xampp\htdocs\yii\framework\base\CModule.php(103): CModule->getComponent('user')
#17 C:\xampp\htdocs\sg-uec\protected\views\site\index.php(10): CModule->__get('user')
#18 C:\xampp\htdocs\yii\framework\web\CBaseController.php(126): require('C:\\xampp\\htdocs...')
#19 C:\xampp\htdocs\yii\framework\web\CBaseController.php(95): CBaseController->renderInternal('C:\\xampp\\htdocs...', NULL, true)
#20 C:\xampp\htdocs\yii\framework\web\CController.php(872): CBaseController->renderFile('C:\\xampp\\htdocs...', NULL, true)
#21 C:\xampp\htdocs\yii\framework\web\CController.php(785): CController->renderPartial('index', NULL, true)
#22 C:\xampp\htdocs\sg-uec\protected\controllers\SiteController.php(32): CController->render('index')
#23 C:\xampp\htdocs\yii\framework\web\actions\CInlineAction.php(49): SiteController->actionIndex()
#24 C:\xampp\htdocs\yii\framework\web\CController.php(308): CInlineAction->runWithParams(Array)
#25 C:\xampp\htdocs\yii\framework\web\CController.php(286): CController->runAction(Object(CInlineAction))
#26 C:\xampp\htdocs\yii\framework\web\CController.php(265): CController->runActionWithFilters(Object(CInlineAction), Array)
#27 C:\xampp\htdocs\yii\framework\web\CWebApplication.php(282): CController->run('')
#28 C:\xampp\htdocs\yii\framework\web\CWebApplication.php(141): CWebApplication->runController('')
#29 C:\xampp\htdocs\yii\framework\base\CApplication.php(185): CWebApplication->processRequest()
#30 C:\xampp\htdocs\sg-uec\index.php(13): CApplication->run()
#31 {main}
REQUEST_URI=/sg-uec/
---
2024/09/11 17:08:21 [error] [exception.CrugeException.500] el atributo authmode no esta definido como valido en config<br/>500
REQUEST_URI=/sg-uec/index.php?r=site/login
HTTP_REFERER=http://localhost/sg-uec/index.php?r=site/login
---
2024/09/11 17:24:38 [error] [system.db.CDbCommand] CDbCommand::fetchAll() falló: SQLSTATE[HY000]: General error: 2006 MySQL server has gone away. La sentencia SQL ejecutada fue: SHOW FULL COLUMNS FROM `cruge_session`.
in C:\xampp\htdocs\sg-uec\protected\modules\cruge\models\data\CrugeSession.php (82)
in C:\xampp\htdocs\sg-uec\protected\modules\cruge\components\CrugeFactory.php (44)
in C:\xampp\htdocs\sg-uec\protected\modules\cruge\components\CrugeUserManager.php (334)
2024/09/11 17:24:38 [error] [exception.CDbException] CDbException: La tabla "cruge_session" definida en la clase active record "CrugeSession" no se ha podido encontrar en la base de datos. in C:\xampp\htdocs\yii\framework\db\ar\CActiveRecord.php:2391
Stack trace:
#0 C:\xampp\htdocs\yii\framework\db\ar\CActiveRecord.php(413): CActiveRecordMetaData->__construct(Object(CrugeSession))
#1 C:\xampp\htdocs\yii\framework\db\ar\CActiveRecord.php(663): CActiveRecord->getMetaData()
#2 C:\xampp\htdocs\yii\framework\db\ar\CActiveRecord.php(1493): CActiveRecord->getTableSchema()
#3 C:\xampp\htdocs\sg-uec\protected\modules\cruge\models\data\CrugeSession.php(82): CActiveRecord->findByPk('0')
#4 C:\xampp\htdocs\sg-uec\protected\modules\cruge\components\CrugeFactory.php(44): CrugeSession::loadModel('0')
#5 C:\xampp\htdocs\sg-uec\protected\modules\cruge\components\CrugeUserManager.php(334): CrugeFactory->getICrugeSession('0')
#6 C:\xampp\htdocs\sg-uec\protected\modules\cruge\components\CrugeWebUser.php(333): CrugeUserManager->loadSession('0')
#7 C:\xampp\htdocs\sg-uec\protected\modules\cruge\components\CrugeWebUser.php(196): CrugeWebUser->getICrugeSession()
#8 C:\xampp\htdocs\sg-uec\protected\modules\cruge\components\CrugeWebUser.php(205): CrugeWebUser->getId()
#9 C:\xampp\htdocs\yii\framework\web\auth\CWebUser.php(201): CrugeWebUser->getIsGuest()
#10 C:\xampp\htdocs\sg-uec\protected\modules\cruge\components\CrugeWebUser.php(44): CWebUser->init()
#11 C:\xampp\htdocs\yii\framework\base\CModule.php(394): CrugeWebUser->init()
#12 C:\xampp\htdocs\yii\framework\base\CModule.php(103): CModule->getComponent('user')
#13 C:\xampp\htdocs\sg-uec\protected\views\site\index.php(10): CModule->__get('user')
#14 C:\xampp\htdocs\yii\framework\web\CBaseController.php(126): require('C:\\xampp\\htdocs...')
#15 C:\xampp\htdocs\yii\framework\web\CBaseController.php(95): CBaseController->renderInternal('C:\\xampp\\htdocs...', NULL, true)
#16 C:\xampp\htdocs\yii\framework\web\CController.php(872): CBaseController->renderFile('C:\\xampp\\htdocs...', NULL, true)
#17 C:\xampp\htdocs\yii\framework\web\CController.php(785): CController->renderPartial('index', NULL, true)
#18 C:\xampp\htdocs\sg-uec\protected\controllers\SiteController.php(32): CController->render('index')
#19 C:\xampp\htdocs\yii\framework\web\actions\CInlineAction.php(49): SiteController->actionIndex()
#20 C:\xampp\htdocs\yii\framework\web\CController.php(308): CInlineAction->runWithParams(Array)
#21 C:\xampp\htdocs\yii\framework\web\CController.php(286): CController->runAction(Object(CInlineAction))
#22 C:\xampp\htdocs\yii\framework\web\CController.php(265): CController->runActionWithFilters(Object(CInlineAction), Array)
#23 C:\xampp\htdocs\yii\framework\web\CWebApplication.php(282): CController->run('')
#24 C:\xampp\htdocs\yii\framework\web\CWebApplication.php(141): CWebApplication->runController('')
#25 C:\xampp\htdocs\yii\framework\base\CApplication.php(185): CWebApplication->processRequest()
#26 C:\xampp\htdocs\sg-uec\index.php(13): CApplication->run()
#27 {main}
REQUEST_URI=/sg-uec/
---
2024/09/11 17:25:42 [error] [exception.CrugeException.500] el atributo authmode no esta definido como valido en config<br/>500
REQUEST_URI=/sg-uec/index.php?r=site/login
HTTP_REFERER=http://localhost/sg-uec/index.php?r=site/login
---
2024/09/11 17:29:29 [error] [exception.CrugeException.500] el atributo authmode no esta definido como valido en config<br/>500
REQUEST_URI=/sg-uec/index.php?r=site/login
HTTP_REFERER=http://localhost/sg-uec/index.php?r=site/login
---
2024/09/11 17:32:04 [error] [exception.CrugeException.500] el atributo authmode no esta definido como valido en config<br/>500
REQUEST_URI=/sg-uec/index.php?r=site/login
HTTP_REFERER=http://localhost/sg-uec/index.php?r=site/login
---
2024/09/11 19:03:58 [error] [exception.CException] CException: La propiedad "Planificacion"."pla_pla_presupuesto" no se encuentra definida. in C:\xampp\htdocs\yii\framework\base\CComponent.php:172
Stack trace:
#0 C:\xampp\htdocs\yii\framework\db\ar\CActiveRecord.php(162): CComponent->__set('pla_pla_presupu...', 0)
#1 C:\xampp\htdocs\sg-uec\protected\controllers\PlanificacionController.php(79): CActiveRecord->__set('pla_pla_presupu...', 0)
#2 C:\xampp\htdocs\yii\framework\web\actions\CInlineAction.php(49): PlanificacionController->actionCreate()
#3 C:\xampp\htdocs\yii\framework\web\CController.php(308): CInlineAction->runWithParams(Array)
#4 C:\xampp\htdocs\yii\framework\web\CController.php(286): CController->runAction(Object(CInlineAction))
#5 C:\xampp\htdocs\yii\framework\web\CController.php(265): CController->runActionWithFilters(Object(CInlineAction), Array)
#6 C:\xampp\htdocs\yii\framework\web\CWebApplication.php(282): CController->run('create')
#7 C:\xampp\htdocs\yii\framework\web\CWebApplication.php(141): CWebApplication->runController('planificacion/c...')
#8 C:\xampp\htdocs\yii\framework\base\CApplication.php(185): CWebApplication->processRequest()
#9 C:\xampp\htdocs\sg-uec\index.php(13): CApplication->run()
#10 {main}
REQUEST_URI=/sg-uec/index.php?r=planificacion/create
HTTP_REFERER=http://localhost/sg-uec/index.php?r=planificacion/create
---
2024/09/11 19:04:08 [error] [exception.CException] CException: La propiedad "Planificacion"."pla_pla_presupuesto" no se encuentra definida. in C:\xampp\htdocs\yii\framework\base\CComponent.php:172
Stack trace:
#0 C:\xampp\htdocs\yii\framework\db\ar\CActiveRecord.php(162): CComponent->__set('pla_pla_presupu...', 0)
#1 C:\xampp\htdocs\sg-uec\protected\models\Planificacion.php(50): CActiveRecord->__set('pla_pla_presupu...', 0)
#2 C:\xampp\htdocs\yii\framework\db\ar\CActiveRecord.php(1077): Planificacion->beforeSave()
#3 C:\xampp\htdocs\yii\framework\db\ar\CActiveRecord.php(811): CActiveRecord->insert(NULL)
#4 C:\xampp\htdocs\sg-uec\protected\controllers\PlanificacionController.php(83): CActiveRecord->save()
#5 C:\xampp\htdocs\yii\framework\web\actions\CInlineAction.php(49): PlanificacionController->actionCreate()
#6 C:\xampp\htdocs\yii\framework\web\CController.php(308): CInlineAction->runWithParams(Array)
#7 C:\xampp\htdocs\yii\framework\web\CController.php(286): CController->runAction(Object(CInlineAction))
#8 C:\xampp\htdocs\yii\framework\web\CController.php(265): CController->runActionWithFilters(Object(CInlineAction), Array)
#9 C:\xampp\htdocs\yii\framework\web\CWebApplication.php(282): CController->run('create')
#10 C:\xampp\htdocs\yii\framework\web\CWebApplication.php(141): CWebApplication->runController('planificacion/c...')
#11 C:\xampp\htdocs\yii\framework\base\CApplication.php(185): CWebApplication->processRequest()
#12 C:\xampp\htdocs\sg-uec\index.php(13): CApplication->run()
#13 {main}
REQUEST_URI=/sg-uec/index.php?r=planificacion/create
HTTP_REFERER=http://localhost/sg-uec/index.php?r=planificacion/create
---
2024/09/11 19:04:15 [error] [exception.CException] CException: La propiedad "Planificacion"."pla_pla_presupuesto" no se encuentra definida. in C:\xampp\htdocs\yii\framework\base\CComponent.php:172
Stack trace:
#0 C:\xampp\htdocs\yii\framework\db\ar\CActiveRecord.php(162): CComponent->__set('pla_pla_presupu...', 0)
#1 C:\xampp\htdocs\sg-uec\protected\models\Planificacion.php(50): CActiveRecord->__set('pla_pla_presupu...', 0)
#2 C:\xampp\htdocs\yii\framework\db\ar\CActiveRecord.php(1077): Planificacion->beforeSave()
#3 C:\xampp\htdocs\yii\framework\db\ar\CActiveRecord.php(811): CActiveRecord->insert(NULL)
#4 C:\xampp\htdocs\sg-uec\protected\controllers\PlanificacionController.php(83): CActiveRecord->save()
#5 C:\xampp\htdocs\yii\framework\web\actions\CInlineAction.php(49): PlanificacionController->actionCreate()
#6 C:\xampp\htdocs\yii\framework\web\CController.php(308): CInlineAction->runWithParams(Array)
#7 C:\xampp\htdocs\yii\framework\web\CController.php(286): CController->runAction(Object(CInlineAction))
#8 C:\xampp\htdocs\yii\framework\web\CController.php(265): CController->runActionWithFilters(Object(CInlineAction), Array)
#9 C:\xampp\htdocs\yii\framework\web\CWebApplication.php(282): CController->run('create')
#10 C:\xampp\htdocs\yii\framework\web\CWebApplication.php(141): CWebApplication->runController('planificacion/c...')
#11 C:\xampp\htdocs\yii\framework\base\CApplication.php(185): CWebApplication->processRequest()
#12 C:\xampp\htdocs\sg-uec\index.php(13): CApplication->run()
#13 {main}
REQUEST_URI=/sg-uec/index.php?r=planificacion/create
HTTP_REFERER=http://localhost/sg-uec/index.php?r=planificacion/create
---
2024/09/11 19:05:00 [error] [exception.CException] CException: La propiedad "Planificacion"."pla_pla_presupuesto" no se encuentra definida. in C:\xampp\htdocs\yii\framework\base\CComponent.php:172
Stack trace:
#0 C:\xampp\htdocs\yii\framework\db\ar\CActiveRecord.php(162): CComponent->__set('pla_pla_presupu...', 0)
#1 C:\xampp\htdocs\sg-uec\protected\models\Planificacion.php(50): CActiveRecord->__set('pla_pla_presupu...', 0)
#2 C:\xampp\htdocs\yii\framework\db\ar\CActiveRecord.php(1077): Planificacion->beforeSave()
#3 C:\xampp\htdocs\yii\framework\db\ar\CActiveRecord.php(811): CActiveRecord->insert(NULL)
#4 C:\xampp\htdocs\sg-uec\protected\controllers\PlanificacionController.php(83): CActiveRecord->save()
#5 C:\xampp\htdocs\yii\framework\web\actions\CInlineAction.php(49): PlanificacionController->actionCreate()
#6 C:\xampp\htdocs\yii\framework\web\CController.php(308): CInlineAction->runWithParams(Array)
#7 C:\xampp\htdocs\yii\framework\web\CController.php(286): CController->runAction(Object(CInlineAction))
#8 C:\xampp\htdocs\yii\framework\web\CController.php(265): CController->runActionWithFilters(Object(CInlineAction), Array)
#9 C:\xampp\htdocs\yii\framework\web\CWebApplication.php(282): CController->run('create')
#10 C:\xampp\htdocs\yii\framework\web\CWebApplication.php(141): CWebApplication->runController('planificacion/c...')
#11 C:\xampp\htdocs\yii\framework\base\CApplication.php(185): CWebApplication->processRequest()
#12 C:\xampp\htdocs\sg-uec\index.php(13): CApplication->run()
#13 {main}
REQUEST_URI=/sg-uec/index.php?r=planificacion/create
HTTP_REFERER=http://localhost/sg-uec/index.php?r=planificacion/create
---
2024/09/13 17:06:01 [error] [exception.ArgumentCountError] ArgumentCountError: Too few arguments to function CActiveForm::labelEx(), 1 passed in C:\xampp\htdocs\sg-uec\protected\views\planificacion\_formPlanificacion.php on line 20 and at least 2 expected in C:\xampp\htdocs\yii\framework\web\widgets\CActiveForm.php:599
Stack trace:
#0 C:\xampp\htdocs\sg-uec\protected\views\planificacion\_formPlanificacion.php(20): CActiveForm->labelEx(','pla_programa'')
#1 C:\xampp\htdocs\yii\framework\web\CBaseController.php(126): require('C:\\xampp\\htdocs...')
#2 C:\xampp\htdocs\yii\framework\web\CBaseController.php(95): CBaseController->renderInternal('C:\\xampp\\htdocs...', Array, true)
#3 C:\xampp\htdocs\yii\framework\web\CController.php(872): CBaseController->renderFile('C:\\xampp\\htdocs...', Array, true)
#4 C:\xampp\htdocs\sg-uec\protected\views\planificacion\create.php(17): CController->renderPartial('_formPlanificac...', Array)
#5 C:\xampp\htdocs\yii\framework\web\CBaseController.php(126): require('C:\\xampp\\htdocs...')
#6 C:\xampp\htdocs\yii\framework\web\CBaseController.php(95): CBaseController->renderInternal('C:\\xampp\\htdocs...', Array, true)
#7 C:\xampp\htdocs\yii\framework\web\CController.php(872): CBaseController->renderFile('C:\\xampp\\htdocs...', Array, true)
#8 C:\xampp\htdocs\yii\framework\web\CController.php(785): CController->renderPartial('create', Array, true)
#9 C:\xampp\htdocs\sg-uec\protected\controllers\PlanificacionController.php(136): CController->render('create', Array)
#10 C:\xampp\htdocs\yii\framework\web\actions\CInlineAction.php(49): PlanificacionController->actionCreate()
#11 C:\xampp\htdocs\yii\framework\web\CController.php(308): CInlineAction->runWithParams(Array)
#12 C:\xampp\htdocs\yii\framework\web\CController.php(286): CController->runAction(Object(CInlineAction))
#13 C:\xampp\htdocs\yii\framework\web\CController.php(265): CController->runActionWithFilters(Object(CInlineAction), Array)
#14 C:\xampp\htdocs\yii\framework\web\CWebApplication.php(282): CController->run('create')
#15 C:\xampp\htdocs\yii\framework\web\CWebApplication.php(141): CWebApplication->runController('planificacion/c...')
#16 C:\xampp\htdocs\yii\framework\base\CApplication.php(185): CWebApplication->processRequest()
#17 C:\xampp\htdocs\sg-uec\index.php(13): CApplication->run()
#18 {main}
REQUEST_URI=/sg-uec/index.php?r=planificacion/create
HTTP_REFERER=http://localhost/sg-uec/index.php?r=planificacion/adminPlanificacion
---
2024/09/13 17:15:45 [error] [system.db.CDbCommand] CDbCommand::fetchAll() falló: SQLSTATE[42S22]: Column not found: 1054 Unknown column 'pla_codigo' in 'where clause'. La sentencia SQL ejecutada fue: SELECT * FROM `empresa` `t` WHERE pla_codigo=39.
in C:\xampp\htdocs\sg-uec\protected\controllers\PlanificacionController.php (139)
in C:\xampp\htdocs\sg-uec\index.php (13)
2024/09/13 17:15:45 [error] [exception.CDbException] CDbException: CDbCommand falló al ejecutar la sentencia SQL: SQLSTATE[42S22]: Column not found: 1054 Unknown column 'pla_codigo' in 'where clause'. The SQL statement executed was: SELECT * FROM `empresa` `t` WHERE pla_codigo=39 in C:\xampp\htdocs\yii\framework\db\CDbCommand.php:543
Stack trace:
#0 C:\xampp\htdocs\yii\framework\db\CDbCommand.php(396): CDbCommand->queryInternal('fetchAll', Array, Array)
#1 C:\xampp\htdocs\yii\framework\db\ar\CActiveRecord.php(1359): CDbCommand->queryAll()
#2 C:\xampp\htdocs\yii\framework\db\ar\CActiveRecord.php(1478): CActiveRecord->query(Object(CDbCriteria), true)
#3 C:\xampp\htdocs\sg-uec\protected\controllers\PlanificacionController.php(139): CActiveRecord->findAll(Object(CDbCriteria))
#4 [internal function]: PlanificacionController->actionUpdatePlanificacion('39')
#5 C:\xampp\htdocs\yii\framework\web\actions\CAction.php(114): ReflectionMethod->invokeArgs(Object(PlanificacionController), Array)
#6 C:\xampp\htdocs\yii\framework\web\actions\CInlineAction.php(47): CAction->runWithParamsInternal(Object(PlanificacionController), Object(ReflectionMethod), Array)
#7 C:\xampp\htdocs\yii\framework\web\CController.php(308): CInlineAction->runWithParams(Array)
#8 C:\xampp\htdocs\yii\framework\web\CController.php(286): CController->runAction(Object(CInlineAction))
#9 C:\xampp\htdocs\yii\framework\web\CController.php(265): CController->runActionWithFilters(Object(CInlineAction), Array)
#10 C:\xampp\htdocs\yii\framework\web\CWebApplication.php(282): CController->run('updatePlanifica...')
#11 C:\xampp\htdocs\yii\framework\web\CWebApplication.php(141): CWebApplication->runController('planificacion/u...')
#12 C:\xampp\htdocs\yii\framework\base\CApplication.php(185): CWebApplication->processRequest()
#13 C:\xampp\htdocs\sg-uec\index.php(13): CApplication->run()
#14 {main}
REQUEST_URI=/sg-uec/index.php?r=planificacion/updatePlanificacion&id=39
HTTP_REFERER=http://localhost/sg-uec/index.php?r=planificacion/adminPlanificacion
---
2024/09/13 17:20:08 [error] [php] Undefined variable: emp (C:\xampp\htdocs\sg-uec\protected\controllers\PlanificacionController.php:163)
Stack trace:
#0 unknown(0): PlanificacionController->actionUpdatePlanificacion()
#1 C:\xampp\htdocs\yii\framework\web\actions\CAction.php(114): ReflectionMethod->invokeArgs()
#2 C:\xampp\htdocs\yii\framework\web\actions\CInlineAction.php(47): CInlineAction->runWithParamsInternal()
#3 C:\xampp\htdocs\yii\framework\web\CController.php(308): CInlineAction->runWithParams()
#4 C:\xampp\htdocs\yii\framework\web\CController.php(286): PlanificacionController->runAction()
#5 C:\xampp\htdocs\yii\framework\web\CController.php(265): PlanificacionController->runActionWithFilters()
#6 C:\xampp\htdocs\yii\framework\web\CWebApplication.php(282): PlanificacionController->run()
#7 C:\xampp\htdocs\yii\framework\web\CWebApplication.php(141): CWebApplication->runController()
#8 C:\xampp\htdocs\yii\framework\base\CApplication.php(185): CWebApplication->processRequest()
#9 C:\xampp\htdocs\sg-uec\index.php(13): CWebApplication->run()
REQUEST_URI=/sg-uec/index.php?r=planificacion/updatePlanificacion&id=39
in C:\xampp\htdocs\sg-uec\protected\controllers\PlanificacionController.php (163)
in C:\xampp\htdocs\sg-uec\index.php (13)
2024/09/13 17:20:36 [error] [php] Undefined variable: emp (C:\xampp\htdocs\sg-uec\protected\controllers\PlanificacionController.php:163)
Stack trace:
#0 unknown(0): PlanificacionController->actionUpdatePlanificacion()
#1 C:\xampp\htdocs\yii\framework\web\actions\CAction.php(114): ReflectionMethod->invokeArgs()
#2 C:\xampp\htdocs\yii\framework\web\actions\CInlineAction.php(47): CInlineAction->runWithParamsInternal()
#3 C:\xampp\htdocs\yii\framework\web\CController.php(308): CInlineAction->runWithParams()
#4 C:\xampp\htdocs\yii\framework\web\CController.php(286): PlanificacionController->runAction()
#5 C:\xampp\htdocs\yii\framework\web\CController.php(265): PlanificacionController->runActionWithFilters()
#6 C:\xampp\htdocs\yii\framework\web\CWebApplication.php(282): PlanificacionController->run()
#7 C:\xampp\htdocs\yii\framework\web\CWebApplication.php(141): CWebApplication->runController()
#8 C:\xampp\htdocs\yii\framework\base\CApplication.php(185): CWebApplication->processRequest()
#9 C:\xampp\htdocs\sg-uec\index.php(13): CWebApplication->run()
REQUEST_URI=/sg-uec/index.php?r=planificacion/updatePlanificacion&id=39
in C:\xampp\htdocs\sg-uec\protected\controllers\PlanificacionController.php (163)
in C:\xampp\htdocs\sg-uec\index.php (13)
2024/09/13 17:21:04 [error] [php] Undefined variable: emp (C:\xampp\htdocs\sg-uec\protected\controllers\PlanificacionController.php:163)
Stack trace:
#0 unknown(0): PlanificacionController->actionUpdatePlanificacion()
#1 C:\xampp\htdocs\yii\framework\web\actions\CAction.php(114): ReflectionMethod->invokeArgs()
#2 C:\xampp\htdocs\yii\framework\web\actions\CInlineAction.php(47): CInlineAction->runWithParamsInternal()
#3 C:\xampp\htdocs\yii\framework\web\CController.php(308): CInlineAction->runWithParams()
#4 C:\xampp\htdocs\yii\framework\web\CController.php(286): PlanificacionController->runAction()
#5 C:\xampp\htdocs\yii\framework\web\CController.php(265): PlanificacionController->runActionWithFilters()
#6 C:\xampp\htdocs\yii\framework\web\CWebApplication.php(282): PlanificacionController->run()
#7 C:\xampp\htdocs\yii\framework\web\CWebApplication.php(141): CWebApplication->runController()
#8 C:\xampp\htdocs\yii\framework\base\CApplication.php(185): CWebApplication->processRequest()
#9 C:\xampp\htdocs\sg-uec\index.php(13): CWebApplication->run()
REQUEST_URI=/sg-uec/index.php?r=planificacion/updatePlanificacion&id=39
in C:\xampp\htdocs\sg-uec\protected\controllers\PlanificacionController.php (163)
in C:\xampp\htdocs\sg-uec\index.php (13)
2024/09/13 17:21:08 [error] [exception.CHttpException.400] CHttpException: Su solicitud es inválida. in C:\xampp\htdocs\yii\framework\web\CController.php:337
Stack trace:
#0 C:\xampp\htdocs\yii\framework\web\CController.php(309): CController->invalidActionParams(Object(CInlineAction))
#1 C:\xampp\htdocs\yii\framework\web\CController.php(286): CController->runAction(Object(CInlineAction))
#2 C:\xampp\htdocs\yii\framework\web\CController.php(265): CController->runActionWithFilters(Object(CInlineAction), Array)
#3 C:\xampp\htdocs\yii\framework\web\CWebApplication.php(282): CController->run('updatePlanifica...')
#4 C:\xampp\htdocs\yii\framework\web\CWebApplication.php(141): CWebApplication->runController('planificacion/u...')
#5 C:\xampp\htdocs\yii\framework\base\CApplication.php(185): CWebApplication->processRequest()
#6 C:\xampp\htdocs\sg-uec\index.php(13): CApplication->run()
#7 {main}
REQUEST_URI=/sg-uec/index.php?r=planificacion/updatePlanificacion
---
2024/09/13 17:21:14 [error] [exception.CHttpException.404] CHttpException: No es posible resolver la solicitud "planificacion7" in C:\xampp\htdocs\yii\framework\web\CWebApplication.php:286
Stack trace:
#0 C:\xampp\htdocs\yii\framework\web\CWebApplication.php(141): CWebApplication->runController('planificacion7')
#1 C:\xampp\htdocs\yii\framework\base\CApplication.php(185): CWebApplication->processRequest()
#2 C:\xampp\htdocs\sg-uec\index.php(13): CApplication->run()
#3 {main}
REQUEST_URI=/sg-uec/index.php?r=planificacion7
---
2024/09/13 17:21:36 [error] [php] Undefined variable: emp (C:\xampp\htdocs\sg-uec\protected\controllers\PlanificacionController.php:163)
Stack trace:
#0 unknown(0): PlanificacionController->actionUpdatePlanificacion()
#1 C:\xampp\htdocs\yii\framework\web\actions\CAction.php(114): ReflectionMethod->invokeArgs()
#2 C:\xampp\htdocs\yii\framework\web\actions\CInlineAction.php(47): CInlineAction->runWithParamsInternal()
#3 C:\xampp\htdocs\yii\framework\web\CController.php(308): CInlineAction->runWithParams()
#4 C:\xampp\htdocs\yii\framework\web\CController.php(286): PlanificacionController->runAction()
#5 C:\xampp\htdocs\yii\framework\web\CController.php(265): PlanificacionController->runActionWithFilters()
#6 C:\xampp\htdocs\yii\framework\web\CWebApplication.php(282): PlanificacionController->run()
#7 C:\xampp\htdocs\yii\framework\web\CWebApplication.php(141): CWebApplication->runController()
#8 C:\xampp\htdocs\yii\framework\base\CApplication.php(185): CWebApplication->processRequest()
#9 C:\xampp\htdocs\sg-uec\index.php(13): CWebApplication->run()
REQUEST_URI=/sg-uec/index.php?r=planificacion/updatePlanificacion&id=38
in C:\xampp\htdocs\sg-uec\protected\controllers\PlanificacionController.php (163)
in C:\xampp\htdocs\sg-uec\index.php (13)
2024/09/13 17:21:49 [error] [php] Undefined variable: emp (C:\xampp\htdocs\sg-uec\protected\controllers\PlanificacionController.php:163)
Stack trace:
#0 unknown(0): PlanificacionController->actionUpdatePlanificacion()
#1 C:\xampp\htdocs\yii\framework\web\actions\CAction.php(114): ReflectionMethod->invokeArgs()
#2 C:\xampp\htdocs\yii\framework\web\actions\CInlineAction.php(47): CInlineAction->runWithParamsInternal()
#3 C:\xampp\htdocs\yii\framework\web\CController.php(308): CInlineAction->runWithParams()
#4 C:\xampp\htdocs\yii\framework\web\CController.php(286): PlanificacionController->runAction()
#5 C:\xampp\htdocs\yii\framework\web\CController.php(265): PlanificacionController->runActionWithFilters()
#6 C:\xampp\htdocs\yii\framework\web\CWebApplication.php(282): PlanificacionController->run()
#7 C:\xampp\htdocs\yii\framework\web\CWebApplication.php(141): CWebApplication->runController()
#8 C:\xampp\htdocs\yii\framework\base\CApplication.php(185): CWebApplication->processRequest()
#9 C:\xampp\htdocs\sg-uec\index.php(13): CWebApplication->run()
REQUEST_URI=/sg-uec/index.php?r=planificacion/updatePlanificacion&id=37
in C:\xampp\htdocs\sg-uec\protected\controllers\PlanificacionController.php (163)
in C:\xampp\htdocs\sg-uec\index.php (13)
2024/09/13 17:23:21 [error] [php] Trying to get property 'emp_firma_jefe' of non-object (C:\xampp\htdocs\sg-uec\protected\controllers\PlanificacionController.php:163)
Stack trace:
#0 unknown(0): PlanificacionController->actionUpdatePlanificacion()
#1 C:\xampp\htdocs\yii\framework\web\actions\CAction.php(114): ReflectionMethod->invokeArgs()
#2 C:\xampp\htdocs\yii\framework\web\actions\CInlineAction.php(47): CInlineAction->runWithParamsInternal()
#3 C:\xampp\htdocs\yii\framework\web\CController.php(308): CInlineAction->runWithParams()
#4 C:\xampp\htdocs\yii\framework\web\CController.php(286): PlanificacionController->runAction()
#5 C:\xampp\htdocs\yii\framework\web\CController.php(265): PlanificacionController->runActionWithFilters()
#6 C:\xampp\htdocs\yii\framework\web\CWebApplication.php(282): PlanificacionController->run()
#7 C:\xampp\htdocs\yii\framework\web\CWebApplication.php(141): CWebApplication->runController()
#8 C:\xampp\htdocs\yii\framework\base\CApplication.php(185): CWebApplication->processRequest()
#9 C:\xampp\htdocs\sg-uec\index.php(13): CWebApplication->run()
REQUEST_URI=/sg-uec/index.php?r=planificacion/updatePlanificacion&id=39
in C:\xampp\htdocs\sg-uec\protected\controllers\PlanificacionController.php (163)
in C:\xampp\htdocs\sg-uec\index.php (13)
2024/09/13 17:23:57 [error] [php] Trying to get property 'emp_codigo' of non-object (C:\xampp\htdocs\sg-uec\protected\controllers\PlanificacionController.php:163)
Stack trace:
#0 unknown(0): PlanificacionController->actionUpdatePlanificacion()
#1 C:\xampp\htdocs\yii\framework\web\actions\CAction.php(114): ReflectionMethod->invokeArgs()
#2 C:\xampp\htdocs\yii\framework\web\actions\CInlineAction.php(47): CInlineAction->runWithParamsInternal()
#3 C:\xampp\htdocs\yii\framework\web\CController.php(308): CInlineAction->runWithParams()
#4 C:\xampp\htdocs\yii\framework\web\CController.php(286): PlanificacionController->runAction()
#5 C:\xampp\htdocs\yii\framework\web\CController.php(265): PlanificacionController->runActionWithFilters()
#6 C:\xampp\htdocs\yii\framework\web\CWebApplication.php(282): PlanificacionController->run()
#7 C:\xampp\htdocs\yii\framework\web\CWebApplication.php(141): CWebApplication->runController()
#8 C:\xampp\htdocs\yii\framework\base\CApplication.php(185): CWebApplication->processRequest()
#9 C:\xampp\htdocs\sg-uec\index.php(13): CWebApplication->run()
REQUEST_URI=/sg-uec/index.php?r=planificacion/updatePlanificacion&id=39
in C:\xampp\htdocs\sg-uec\protected\controllers\PlanificacionController.php (163)
in C:\xampp\htdocs\sg-uec\index.php (13)
2024/09/13 17:26:27 [error] [php] Trying to get property 'emp_codigo' of non-object (C:\xampp\htdocs\sg-uec\protected\controllers\PlanificacionController.php:164)
Stack trace:
#0 unknown(0): PlanificacionController->actionUpdatePlanificacion()
#1 C:\xampp\htdocs\yii\framework\web\actions\CAction.php(114): ReflectionMethod->invokeArgs()
#2 C:\xampp\htdocs\yii\framework\web\actions\CInlineAction.php(47): CInlineAction->runWithParamsInternal()
#3 C:\xampp\htdocs\yii\framework\web\CController.php(308): CInlineAction->runWithParams()
#4 C:\xampp\htdocs\yii\framework\web\CController.php(286): PlanificacionController->runAction()
#5 C:\xampp\htdocs\yii\framework\web\CController.php(265): PlanificacionController->runActionWithFilters()
#6 C:\xampp\htdocs\yii\framework\web\CWebApplication.php(282): PlanificacionController->run()
#7 C:\xampp\htdocs\yii\framework\web\CWebApplication.php(141): CWebApplication->runController()
#8 C:\xampp\htdocs\yii\framework\base\CApplication.php(185): CWebApplication->processRequest()
#9 C:\xampp\htdocs\sg-uec\index.php(13): CWebApplication->run()
REQUEST_URI=/sg-uec/index.php?r=planificacion/updatePlanificacion&id=39
in C:\xampp\htdocs\sg-uec\protected\controllers\PlanificacionController.php (164)
in C:\xampp\htdocs\sg-uec\index.php (13)
2024/09/13 17:26:50 [error] [php] Trying to get property 'emp_codigo' of non-object (C:\xampp\htdocs\sg-uec\protected\controllers\PlanificacionController.php:164)
Stack trace:
#0 unknown(0): PlanificacionController->actionUpdatePlanificacion()
#1 C:\xampp\htdocs\yii\framework\web\actions\CAction.php(114): ReflectionMethod->invokeArgs()
#2 C:\xampp\htdocs\yii\framework\web\actions\CInlineAction.php(47): CInlineAction->runWithParamsInternal()
#3 C:\xampp\htdocs\yii\framework\web\CController.php(308): CInlineAction->runWithParams()
#4 C:\xampp\htdocs\yii\framework\web\CController.php(286): PlanificacionController->runAction()
#5 C:\xampp\htdocs\yii\framework\web\CController.php(265): PlanificacionController->runActionWithFilters()
#6 C:\xampp\htdocs\yii\framework\web\CWebApplication.php(282): PlanificacionController->run()
#7 C:\xampp\htdocs\yii\framework\web\CWebApplication.php(141): CWebApplication->runController()
#8 C:\xampp\htdocs\yii\framework\base\CApplication.php(185): CWebApplication->processRequest()
#9 C:\xampp\htdocs\sg-uec\index.php(13): CWebApplication->run()
REQUEST_URI=/sg-uec/index.php?r=planificacion/updatePlanificacion&id=39
in C:\xampp\htdocs\sg-uec\protected\controllers\PlanificacionController.php (164)
in C:\xampp\htdocs\sg-uec\index.php (13)
